[LOG] System::create                           : Header version = 2.02.17. Current version = 2.02.17.
[LOG] Manager::init                            : maxchannels = 256 studioflags = 00000006 flags 00000000 extradriverdata 0000000000000000.
[LOG] SystemI::init                            : Initialize version=20217 (136061), maxchannels=256, flags=0x00020000
[LOG] SystemI::setOutputInternal               : Setting output to 'FMOD WASAPI Output'
[LOG] OutputWASAPI::init                       : Mix Format (WAVEFORMATEX): wFormatTag=0xFFFE, nChannels=2, nSamplesPerSec=48000, nAvgBytesPerSec=384000, nBlockAlign=8, wBitsPerSample=32, cbSize=22.
[LOG] OutputWASAPI::init                       : Mix Format (WAVEFORMATEXTENSIBLE): wValidBitsPerSample=32, dwChannelMask=0x00000003, SubFormat=00000003-0000-0010-8000-00AA00389B71.
[LOG] OutputWASAPI::init                       : Output buffer size: 4096 samples, latency: 0.00ms, period: 10.00ms, DSP buffer: 1024 * 4
[LOG] Thread::initThread                       : Init FMOD stream thread. Affinity: 0x4000000000000003, Priority: 0xFFFF7FFB, Stack Size: 98304, Semaphore: No, Sleep Time: 10, Looping: Yes.
[LOG] Thread::initThread                       : Init FMOD mixer thread. Affinity: 0x4000000000000001, Priority: 0xFFFF7FFA, Stack Size: 81920, Semaphore: No, Sleep Time: 0, Looping: Yes.
[LOG] AsyncManager::init                       : manager 0000024A2224F018 isAsync 0 updatePeriod 0.02
[LOG] AsyncManager::init                       : done
[LOG] PlaybackSystem::init                     : 
[LOG] Thread::initThread                       : Init FMOD Studio sample load thread. Affinity: 0x4000000000000003, Priority: 0xFFFF7FFD, Stack Size: 98304, Semaphore: No, Sleep Time: 1, Looping: No.
[LOG] PlaybackSystem::init                     : done
[LOG] Thread::initThread                       : Init FMOD Studio bank load thread. Affinity: 0x4000000000000003, Priority: 0xFFFF7FFD, Stack Size: 98304, Semaphore: No, Sleep Time: 1, Looping: No.
[LOG] Manager::init                            : done.
[LOG] Manager::readBank                        : fileversion = 142, compatVersion = 140 (oldest = 44, newest = 142)
[LOG] Manager::readBank                        : fileversion = 142, compatVersion = 140 (oldest = 44, newest = 142)
[LOG] Manager::readBank                        : fileversion = 142, compatVersion = 140 (oldest = 44, newest = 142)
[LOG] Manager::readBank                        : fileversion = 142, compatVersion = 140 (oldest = 44, newest = 142)
[LOG] PlaybackSystem::acquireMasterBus         : Setting master channel group format to 6
[LOG] Manager::readBank                        : fileversion = 142, compatVersion = 140 (oldest = 44, newest = 142)
[LOG] Manager::readBank                        : fileversion = 142, compatVersion = 140 (oldest = 44, newest = 142)
[LOG] SoundI::release                          : MUS_Gameplay_Cardgame_MAIN (00000248E372ADF8)
[LOG] SoundI::release                          :     MUS_Gameplay_Cardgame_MAIN (00000249AD512B78)
[LOG] SoundI::release                          :     MUS_Gameplay_Cardgame_MAIN (0000024932AA9778)
[LOG] SoundI::release                          : MUS_Gameplay_Cardgame_AMB (00000248E372AC48)
[LOG] SoundI::release                          :     MUS_Gameplay_Cardgame_AMB (00000249AD512838)
[LOG] SoundI::release                          :     MUS_Gameplay_Cardgame_AMB (0000024932AA95C8)
[LOG] SystemI::mixerSuspend                    : Suspending output.
[LOG] SystemI::mixerResume                     : Resuming output.
[LOG] SystemI::mixerSuspend                    : Suspending output.
[LOG] SystemI::mixerResume                     : Resuming output.
[LOG] SystemI::createSoundInternal             : Create name='', mode=0x02000202
[LOG] SystemI::createSoundInternal             : exinfo->cbsize             = 224
[LOG] SystemI::createSoundInternal             : exinfo->length             = 45024
[LOG] SystemI::createSoundInternal             : exinfo->fileoffset         = 5728
[LOG] SystemI::createSoundInternal             : exinfo->numsubsounds       = 1
[LOG] SystemI::createSoundInternal             : exinfo->inclusionlist      = 000000FEEC0FF0C8
[LOG] SystemI::createSoundInternal             : exinfo->inclusionlistnum   = 1
[LOG] SystemI::createSoundInternal             : exinfo->suggestedsoundtype = 5
[LOG] SystemI::createSoundInternal             : exinfo->useropen           = 00007FFF71A33E90
[LOG] SystemI::createSoundInternal             : exinfo->userclose          = 00007FFF71A33E50
[LOG] SystemI::createSoundInternal             : exinfo->userread           = 00007FFF71A33F70
[LOG] SystemI::createSoundInternal             : exinfo->userseek           = 00007FFF71A34030
[LOG] SystemI::createSoundInternal             : exinfo->fileuserdata       = 00000248E0D2BA98
[LOG] SystemI::createSoundInternal             : exinfo->initialseekpostype = 1
[LOG] SystemI::DSPCodecPoolRegister            : register codec pool for pool type 5
[LOG] SystemI::createSoundInternal             : Sample 0/1: name='fingergripping', format=5, channels=2, frequency=48000, lengthbytes=2496, lengthpcm=11852, pcmblocksize=0, loopstart=0, loopend=0, mode=0x00000000, channelmask=0x00000000, channelorder=0, peakvolume=0.199752.
[LOG] SystemI::createSoundInternal             : Create name='', mode=0x02000202
[LOG] SystemI::createSoundInternal             : exinfo->cbsize             = 224
[LOG] SystemI::createSoundInternal             : exinfo->length             = 45024
[LOG] SystemI::createSoundInternal             : exinfo->fileoffset         = 5728
[LOG] SystemI::createSoundInternal             : exinfo->numsubsounds       = 1
[LOG] SystemI::createSoundInternal             : exinfo->inclusionlist      = 000000FEEC0FF0C8
[LOG] SystemI::createSoundInternal             : exinfo->inclusionlistnum   = 1
[LOG] SystemI::createSoundInternal             : exinfo->suggestedsoundtype = 5
[LOG] SystemI::createSoundInternal             : exinfo->useropen           = 00007FFF71A33E90
[LOG] SystemI::createSoundInternal             : exinfo->userclose          = 00007FFF71A33E50
[LOG] SystemI::createSoundInternal             : exinfo->userread           = 00007FFF71A33F70
[LOG] SystemI::createSoundInternal             : exinfo->userseek           = 00007FFF71A34030
[LOG] SystemI::createSoundInternal             : exinfo->fileuserdata       = 00000248E0D28918
[LOG] SystemI::createSoundInternal             : exinfo->initialseekpostype = 1
[LOG] SystemI::DSPCodecPoolRegister            : register codec pool for pool type 5
[LOG] SystemI::createSoundInternal             : Sample 0/1: name='ui_button', format=5, channels=2, frequency=48000, lengthbytes=3840, lengthpcm=16604, pcmblocksize=0, loopstart=0, loopend=0, mode=0x00000000, channelmask=0x00000000, channelorder=0, peakvolume=0.335866.
[LOG] SoundI::release                          : MUS_Menu_Cardgame (00000249A5288EF8)
[LOG] SoundI::release                          :     MUS_Menu_Cardgame (00000249AD882A48)
[LOG] SoundI::release                          :     MUS_Menu_Cardgame (00000248D8A072D8)
[LOG] SoundI::release                          : MUS_Menu_Cardgame_amb (00000248E372A3D8)
[LOG] SoundI::release                          :     MUS_Menu_Cardgame_amb (00000249AD882708)
[LOG] SoundI::release                          :     MUS_Menu_Cardgame_amb (00000248D8A06F78)
[LOG] SoundI::release                          :  (00000249A52E9848)
[LOG] SoundI::release                          :     fingergripping (00000249A4DAB368)
[LOG] SoundI::release                          :  (00000249A52E9C98)
[LOG] SoundI::release                          :     ui_button (00000249D983FA38)
[LOG] SoundI::release                          :  (00000248D8C6C408)
[LOG] SoundI::release                          :     goblin_treasure (00000249D9B10108)
[LOG] SoundI::release                          :  (00000248D8C6CCA8)
[LOG] SoundI::release                          :     spirit_appear (00000249D9B10E08)
[LOG] Thread::callback                         : FMOD Studio update thread finished.
[LOG] Thread::callback                         : FMOD Studio bank load thread finished.
[LOG] Profile::disconnectAll                   : Profiler disconnecting all clients
[LOG] Thread::callback                         : FMOD Studio sample load thread finished.
[LOG] LiveUpdate::release                      : 
[LOG] LiveUpdate::reset                        : Reset connection (reason Disconnected)
[LOG] Thread::callback                         : FMOD stream thread finished.
[LOG] Thread::callback                         : FMOD mixer thread finished.
[LOG] Profile::disconnectAll                   : Profiler disconnecting all clients
[LOG] SystemI::close                           : Closed.
[LOG] Thread::callback                         : FMOD Studio bank load thread finished.
[LOG] Thread::callback                         : FMOD Studio sample load thread finished.
[LOG] LiveUpdate::release                      : 
[LOG] LiveUpdate::reset                        : Reset connection (reason Disconnected)
[LOG] Thread::callback                         : FMOD stream thread finished.
[LOG] Thread::callback                         : FMOD mixer thread finished.
[LOG] SystemI::close                           : Closed.
[LOG] Thread::callback                         : FMOD nonblocking thread (0) finished.
[LOG] Thread::callback                         : FMOD file thread finished.
